<?xml version="1.0" encoding="UTF-8" standalone="no"?>
<testsuite errors="0" failures="0" name="io.cucumber.core.plugin.JUnitFormatter" skipped="0" tests="2" time="0.089">
    <testcase classname="User Registration" name="User Registration with data" time="0.022">
        <system-out><![CDATA[Given User is on registration page..........................................passed
When User enters following details..........................................passed
Then User registration should be successful.................................passed
]]></system-out>
    </testcase>
    <testcase classname="User Registration" name="User Registration with data columns" time="0.012">
        <system-out><![CDATA[Given User is on registration page..........................................passed
When User enters following details with columns.............................passed
Then User registration should be successful.................................passed
]]></system-out>
    </testcase>
</testsuite>
