<?xml version="1.0" encoding="UTF-8"?>
<testsuite xmlns:xsi="http://www.w3.org/2001/XMLSchema-instance" xsi:noNamespaceSchemaLocation="https://maven.apache.org/surefire/maven-surefire-plugin/xsd/surefire-test-report.xsd" name="testRunners.BillingTest" time="1.364" tests="3" errors="0" skipped="0" failures="0">
  <properties>
[...]
</properties>
  <testcase name="Billing scenario #1" classname="Billing feature" time="0.017"/>
  <testcase name="Billing scenario #2" classname="Billing feature" time="0.035"/>
  <testcase name="Billing scenario #3" classname="Billing feature" time="0.042"/>
</testsuite>